  Scheduler.cpp
D:\college\sophmore 2\data\Project\Team14PhysioTherapy\Team14\UI.h(261,12): warning C4101: 'temp': unreferenced local variable
  (compiling source file 'Scheduler.cpp')
  
D:\college\sophmore 2\data\Project\Team14PhysioTherapy\Team14\priQueue.h(59,26): error C2660: 'priNode<T>::getItem': function does not take 0 arguments
D:\college\sophmore 2\data\Project\Team14PhysioTherapy\Team14\priQueue.h(59,26): error C2660:         with
D:\college\sophmore 2\data\Project\Team14PhysioTherapy\Team14\priQueue.h(59,26): error C2660:         [
D:\college\sophmore 2\data\Project\Team14PhysioTherapy\Team14\priQueue.h(59,26): error C2660:             T=Patient *
D:\college\sophmore 2\data\Project\Team14PhysioTherapy\Team14\priQueue.h(59,26): error C2660:         ]
  (compiling source file 'Scheduler.cpp')
      D:\college\sophmore 2\data\Project\Team14PhysioTherapy\Team14\priNode.h(27,4):
      see declaration of 'priNode<T>::getItem'
          with
          [
              T=Patient *
          ]
      D:\college\sophmore 2\data\Project\Team14PhysioTherapy\Team14\priQueue.h(59,26):
      while trying to match the argument list '()'
      D:\college\sophmore 2\data\Project\Team14PhysioTherapy\Team14\priQueue.h(59,26):
      the template instantiation context (the oldest one first) is
          D:\college\sophmore 2\data\Project\Team14PhysioTherapy\Team14\EarlyPList.h(6,27):
          see reference to class template instantiation 'priQueue<Patient *>' being compiled
          D:\college\sophmore 2\data\Project\Team14PhysioTherapy\Team14\priQueue.h(55,10):
          while compiling class template member function 'bool priQueue<Patient *>::peek(T &,int &)'
          with
          [
              T=Patient *
          ]
              D:\college\sophmore 2\data\Project\Team14PhysioTherapy\Team14\Scheduler.cpp(311,22):
              see the first reference to 'priQueue<Patient *>::peek' in 'Scheduler::departEarly'
  
  Treatment.cpp
  Generating Code...
